<?xml version="1.0" encoding="UTF-8"?>
<testng-results ignored="0" total="1" passed="1" failed="0" skipped="0">
  <reporter-output>
  </reporter-output>
  <suite started-at="2022-11-26T15:56:10 IST" name="Default suite" finished-at="2022-11-26T15:56:13 IST" duration-ms="2623">
    <groups>
    </groups>
    <test started-at="2022-11-26T15:56:10 IST" name="Default test" finished-at="2022-11-26T15:56:13 IST" duration-ms="2623">
      <class name="com.flipkart.testcases.ProductSearch">
        <test-method is-config="true" signature="setup()[pri:0, instance:com.flipkart.testcases.ProductSearch@59662a0b]" started-at="2022-11-26T15:55:45 IST" name="setup" finished-at="2022-11-26T15:56:10 IST" duration-ms="25294" status="PASS">
          <reporter-output>
          </reporter-output>
        </test-method> <!-- setup -->
        <test-method signature="searchProduct()[pri:0, instance:com.flipkart.testcases.ProductSearch@59662a0b]" started-at="2022-11-26T15:56:10 IST" name="searchProduct" finished-at="2022-11-26T15:56:13 IST" duration-ms="2540" status="PASS">
          <reporter-output>
          </reporter-output>
        </test-method> <!-- searchProduct -->
        <test-method is-config="true" signature="teardown()[pri:0, instance:com.flipkart.testcases.ProductSearch@59662a0b]" started-at="2022-11-26T15:56:13 IST" name="teardown" finished-at="2022-11-26T15:56:13 IST" duration-ms="189" status="PASS">
          <reporter-output>
          </reporter-output>
        </test-method> <!-- teardown -->
      </class> <!-- com.flipkart.testcases.ProductSearch -->
    </test> <!-- Default test -->
  </suite> <!-- Default suite -->
</testng-results>
